  Final.cpp
  Gameplay.cpp
  Inicio.cpp
  Juego.cpp
D:\Universidad - Cris\Videojuegos\Universidad del Litoral\MAVI\MAVI_Trabajo_Final\MAVI_Trabajo_Final\MAVI_Trabajo_Final\Juego.cpp(92,64): warning C4244: 'argument': conversion from 'int' to 'float', possible loss of data
D:\Universidad - Cris\Videojuegos\Universidad del Litoral\MAVI\MAVI_Trabajo_Final\MAVI_Trabajo_Final\MAVI_Trabajo_Final\Juego.cpp(92,47): warning C4244: 'argument': conversion from 'int' to 'float', possible loss of data
D:\Universidad - Cris\Videojuegos\Universidad del Litoral\MAVI\MAVI_Trabajo_Final\MAVI_Trabajo_Final\MAVI_Trabajo_Final\Juego.cpp(107,106): warning C4244: 'argument': conversion from 'int' to 'T', possible loss of data
D:\Universidad - Cris\Videojuegos\Universidad del Litoral\MAVI\MAVI_Trabajo_Final\MAVI_Trabajo_Final\MAVI_Trabajo_Final\Juego.cpp(107,106): warning C4244:         with
D:\Universidad - Cris\Videojuegos\Universidad del Litoral\MAVI\MAVI_Trabajo_Final\MAVI_Trabajo_Final\MAVI_Trabajo_Final\Juego.cpp(107,106): warning C4244:         [
D:\Universidad - Cris\Videojuegos\Universidad del Litoral\MAVI\MAVI_Trabajo_Final\MAVI_Trabajo_Final\MAVI_Trabajo_Final\Juego.cpp(107,106): warning C4244:             T=float
D:\Universidad - Cris\Videojuegos\Universidad del Litoral\MAVI\MAVI_Trabajo_Final\MAVI_Trabajo_Final\MAVI_Trabajo_Final\Juego.cpp(107,106): warning C4244:         ]
D:\Universidad - Cris\Videojuegos\Universidad del Litoral\MAVI\MAVI_Trabajo_Final\MAVI_Trabajo_Final\MAVI_Trabajo_Final\Juego.cpp(107,87): warning C4244: 'argument': conversion from 'int' to 'T', possible loss of data
D:\Universidad - Cris\Videojuegos\Universidad del Litoral\MAVI\MAVI_Trabajo_Final\MAVI_Trabajo_Final\MAVI_Trabajo_Final\Juego.cpp(107,87): warning C4244:         with
D:\Universidad - Cris\Videojuegos\Universidad del Litoral\MAVI\MAVI_Trabajo_Final\MAVI_Trabajo_Final\MAVI_Trabajo_Final\Juego.cpp(107,87): warning C4244:         [
D:\Universidad - Cris\Videojuegos\Universidad del Litoral\MAVI\MAVI_Trabajo_Final\MAVI_Trabajo_Final\MAVI_Trabajo_Final\Juego.cpp(107,87): warning C4244:             T=float
D:\Universidad - Cris\Videojuegos\Universidad del Litoral\MAVI\MAVI_Trabajo_Final\MAVI_Trabajo_Final\MAVI_Trabajo_Final\Juego.cpp(107,87): warning C4244:         ]
D:\Universidad - Cris\Videojuegos\Universidad del Litoral\MAVI\MAVI_Trabajo_Final\MAVI_Trabajo_Final\MAVI_Trabajo_Final\Juego.cpp(117,111): warning C4244: 'argument': conversion from 'int' to 'T', possible loss of data
D:\Universidad - Cris\Videojuegos\Universidad del Litoral\MAVI\MAVI_Trabajo_Final\MAVI_Trabajo_Final\MAVI_Trabajo_Final\Juego.cpp(117,111): warning C4244:         with
D:\Universidad - Cris\Videojuegos\Universidad del Litoral\MAVI\MAVI_Trabajo_Final\MAVI_Trabajo_Final\MAVI_Trabajo_Final\Juego.cpp(117,111): warning C4244:         [
D:\Universidad - Cris\Videojuegos\Universidad del Litoral\MAVI\MAVI_Trabajo_Final\MAVI_Trabajo_Final\MAVI_Trabajo_Final\Juego.cpp(117,111): warning C4244:             T=float
D:\Universidad - Cris\Videojuegos\Universidad del Litoral\MAVI\MAVI_Trabajo_Final\MAVI_Trabajo_Final\MAVI_Trabajo_Final\Juego.cpp(117,111): warning C4244:         ]
D:\Universidad - Cris\Videojuegos\Universidad del Litoral\MAVI\MAVI_Trabajo_Final\MAVI_Trabajo_Final\MAVI_Trabajo_Final\Juego.cpp(117,92): warning C4244: 'argument': conversion from 'int' to 'T', possible loss of data
D:\Universidad - Cris\Videojuegos\Universidad del Litoral\MAVI\MAVI_Trabajo_Final\MAVI_Trabajo_Final\MAVI_Trabajo_Final\Juego.cpp(117,92): warning C4244:         with
D:\Universidad - Cris\Videojuegos\Universidad del Litoral\MAVI\MAVI_Trabajo_Final\MAVI_Trabajo_Final\MAVI_Trabajo_Final\Juego.cpp(117,92): warning C4244:         [
D:\Universidad - Cris\Videojuegos\Universidad del Litoral\MAVI\MAVI_Trabajo_Final\MAVI_Trabajo_Final\MAVI_Trabajo_Final\Juego.cpp(117,92): warning C4244:             T=float
D:\Universidad - Cris\Videojuegos\Universidad del Litoral\MAVI\MAVI_Trabajo_Final\MAVI_Trabajo_Final\MAVI_Trabajo_Final\Juego.cpp(117,92): warning C4244:         ]
D:\Universidad - Cris\Videojuegos\Universidad del Litoral\MAVI\MAVI_Trabajo_Final\MAVI_Trabajo_Final\MAVI_Trabajo_Final\Juego.cpp(127,111): warning C4244: 'argument': conversion from 'int' to 'T', possible loss of data
D:\Universidad - Cris\Videojuegos\Universidad del Litoral\MAVI\MAVI_Trabajo_Final\MAVI_Trabajo_Final\MAVI_Trabajo_Final\Juego.cpp(127,111): warning C4244:         with
D:\Universidad - Cris\Videojuegos\Universidad del Litoral\MAVI\MAVI_Trabajo_Final\MAVI_Trabajo_Final\MAVI_Trabajo_Final\Juego.cpp(127,111): warning C4244:         [
D:\Universidad - Cris\Videojuegos\Universidad del Litoral\MAVI\MAVI_Trabajo_Final\MAVI_Trabajo_Final\MAVI_Trabajo_Final\Juego.cpp(127,111): warning C4244:             T=float
D:\Universidad - Cris\Videojuegos\Universidad del Litoral\MAVI\MAVI_Trabajo_Final\MAVI_Trabajo_Final\MAVI_Trabajo_Final\Juego.cpp(127,111): warning C4244:         ]
D:\Universidad - Cris\Videojuegos\Universidad del Litoral\MAVI\MAVI_Trabajo_Final\MAVI_Trabajo_Final\MAVI_Trabajo_Final\Juego.cpp(127,92): warning C4244: 'argument': conversion from 'int' to 'T', possible loss of data
D:\Universidad - Cris\Videojuegos\Universidad del Litoral\MAVI\MAVI_Trabajo_Final\MAVI_Trabajo_Final\MAVI_Trabajo_Final\Juego.cpp(127,92): warning C4244:         with
D:\Universidad - Cris\Videojuegos\Universidad del Litoral\MAVI\MAVI_Trabajo_Final\MAVI_Trabajo_Final\MAVI_Trabajo_Final\Juego.cpp(127,92): warning C4244:         [
D:\Universidad - Cris\Videojuegos\Universidad del Litoral\MAVI\MAVI_Trabajo_Final\MAVI_Trabajo_Final\MAVI_Trabajo_Final\Juego.cpp(127,92): warning C4244:             T=float
D:\Universidad - Cris\Videojuegos\Universidad del Litoral\MAVI\MAVI_Trabajo_Final\MAVI_Trabajo_Final\MAVI_Trabajo_Final\Juego.cpp(127,92): warning C4244:         ]
  Main.cpp
  Mira.cpp
  MisilEnemigo.cpp
D:\Universidad - Cris\Videojuegos\Universidad del Litoral\MAVI\MAVI_Trabajo_Final\MAVI_Trabajo_Final\MAVI_Trabajo_Final\MisilEnemigo.cpp(24,10): warning C4244: '+=': conversion from 'float' to 'int', possible loss of data
D:\Universidad - Cris\Videojuegos\Universidad del Litoral\MAVI\MAVI_Trabajo_Final\MAVI_Trabajo_Final\MAVI_Trabajo_Final\MisilEnemigo.cpp(25,10): warning C4244: '+=': conversion from 'float' to 'int', possible loss of data
D:\Universidad - Cris\Videojuegos\Universidad del Litoral\MAVI\MAVI_Trabajo_Final\MAVI_Trabajo_Final\MAVI_Trabajo_Final\MisilEnemigo.cpp(26,27): warning C4244: 'argument': conversion from 'int' to 'float', possible loss of data
D:\Universidad - Cris\Videojuegos\Universidad del Litoral\MAVI\MAVI_Trabajo_Final\MAVI_Trabajo_Final\MAVI_Trabajo_Final\MisilEnemigo.cpp(26,24): warning C4244: 'argument': conversion from 'int' to 'float', possible loss of data
D:\Universidad - Cris\Videojuegos\Universidad del Litoral\MAVI\MAVI_Trabajo_Final\MAVI_Trabajo_Final\MAVI_Trabajo_Final\MisilEnemigo.cpp(32,27): warning C4244: 'argument': conversion from 'int' to 'float', possible loss of data
D:\Universidad - Cris\Videojuegos\Universidad del Litoral\MAVI\MAVI_Trabajo_Final\MAVI_Trabajo_Final\MAVI_Trabajo_Final\MisilEnemigo.cpp(32,24): warning C4244: 'argument': conversion from 'int' to 'float', possible loss of data
  Generating Code...
  MAVI_Trabajo_Final.vcxproj -> D:\Universidad - Cris\Videojuegos\Universidad del Litoral\MAVI\MAVI_Trabajo_Final\MAVI_Trabajo_Final\MAVI_Trabajo_Final\x64\Debug\MAVI_Trabajo_Final.exe
