  Juego.cpp
D:\Universidad - Cris\Videojuegos\Universidad del Litoral\MAVI\MAVI_Trabajo_Final\MAVI_Trabajo_Final\Juego.cpp(92,64): warning C4244: 'argumento': conversión de 'int' a 'float'; posible pérdida de datos
D:\Universidad - Cris\Videojuegos\Universidad del Litoral\MAVI\MAVI_Trabajo_Final\MAVI_Trabajo_Final\Juego.cpp(92,47): warning C4244: 'argumento': conversión de 'int' a 'float'; posible pérdida de datos
D:\Universidad - Cris\Videojuegos\Universidad del Litoral\MAVI\MAVI_Trabajo_Final\MAVI_Trabajo_Final\Juego.cpp(107,106): warning C4244: 'argumento': conversión de 'int' a 'T'; posible pérdida de datos
D:\Universidad - Cris\Videojuegos\Universidad del Litoral\MAVI\MAVI_Trabajo_Final\MAVI_Trabajo_Final\Juego.cpp(107,106): warning C4244:         with
D:\Universidad - Cris\Videojuegos\Universidad del Litoral\MAVI\MAVI_Trabajo_Final\MAVI_Trabajo_Final\Juego.cpp(107,106): warning C4244:         [
D:\Universidad - Cris\Videojuegos\Universidad del Litoral\MAVI\MAVI_Trabajo_Final\MAVI_Trabajo_Final\Juego.cpp(107,106): warning C4244:             T=float
D:\Universidad - Cris\Videojuegos\Universidad del Litoral\MAVI\MAVI_Trabajo_Final\MAVI_Trabajo_Final\Juego.cpp(107,106): warning C4244:         ]
D:\Universidad - Cris\Videojuegos\Universidad del Litoral\MAVI\MAVI_Trabajo_Final\MAVI_Trabajo_Final\Juego.cpp(107,87): warning C4244: 'argumento': conversión de 'int' a 'T'; posible pérdida de datos
D:\Universidad - Cris\Videojuegos\Universidad del Litoral\MAVI\MAVI_Trabajo_Final\MAVI_Trabajo_Final\Juego.cpp(107,87): warning C4244:         with
D:\Universidad - Cris\Videojuegos\Universidad del Litoral\MAVI\MAVI_Trabajo_Final\MAVI_Trabajo_Final\Juego.cpp(107,87): warning C4244:         [
D:\Universidad - Cris\Videojuegos\Universidad del Litoral\MAVI\MAVI_Trabajo_Final\MAVI_Trabajo_Final\Juego.cpp(107,87): warning C4244:             T=float
D:\Universidad - Cris\Videojuegos\Universidad del Litoral\MAVI\MAVI_Trabajo_Final\MAVI_Trabajo_Final\Juego.cpp(107,87): warning C4244:         ]
D:\Universidad - Cris\Videojuegos\Universidad del Litoral\MAVI\MAVI_Trabajo_Final\MAVI_Trabajo_Final\Juego.cpp(117,111): warning C4244: 'argumento': conversión de 'int' a 'T'; posible pérdida de datos
D:\Universidad - Cris\Videojuegos\Universidad del Litoral\MAVI\MAVI_Trabajo_Final\MAVI_Trabajo_Final\Juego.cpp(117,111): warning C4244:         with
D:\Universidad - Cris\Videojuegos\Universidad del Litoral\MAVI\MAVI_Trabajo_Final\MAVI_Trabajo_Final\Juego.cpp(117,111): warning C4244:         [
D:\Universidad - Cris\Videojuegos\Universidad del Litoral\MAVI\MAVI_Trabajo_Final\MAVI_Trabajo_Final\Juego.cpp(117,111): warning C4244:             T=float
D:\Universidad - Cris\Videojuegos\Universidad del Litoral\MAVI\MAVI_Trabajo_Final\MAVI_Trabajo_Final\Juego.cpp(117,111): warning C4244:         ]
D:\Universidad - Cris\Videojuegos\Universidad del Litoral\MAVI\MAVI_Trabajo_Final\MAVI_Trabajo_Final\Juego.cpp(117,92): warning C4244: 'argumento': conversión de 'int' a 'T'; posible pérdida de datos
D:\Universidad - Cris\Videojuegos\Universidad del Litoral\MAVI\MAVI_Trabajo_Final\MAVI_Trabajo_Final\Juego.cpp(117,92): warning C4244:         with
D:\Universidad - Cris\Videojuegos\Universidad del Litoral\MAVI\MAVI_Trabajo_Final\MAVI_Trabajo_Final\Juego.cpp(117,92): warning C4244:         [
D:\Universidad - Cris\Videojuegos\Universidad del Litoral\MAVI\MAVI_Trabajo_Final\MAVI_Trabajo_Final\Juego.cpp(117,92): warning C4244:             T=float
D:\Universidad - Cris\Videojuegos\Universidad del Litoral\MAVI\MAVI_Trabajo_Final\MAVI_Trabajo_Final\Juego.cpp(117,92): warning C4244:         ]
D:\Universidad - Cris\Videojuegos\Universidad del Litoral\MAVI\MAVI_Trabajo_Final\MAVI_Trabajo_Final\Juego.cpp(127,111): warning C4244: 'argumento': conversión de 'int' a 'T'; posible pérdida de datos
D:\Universidad - Cris\Videojuegos\Universidad del Litoral\MAVI\MAVI_Trabajo_Final\MAVI_Trabajo_Final\Juego.cpp(127,111): warning C4244:         with
D:\Universidad - Cris\Videojuegos\Universidad del Litoral\MAVI\MAVI_Trabajo_Final\MAVI_Trabajo_Final\Juego.cpp(127,111): warning C4244:         [
D:\Universidad - Cris\Videojuegos\Universidad del Litoral\MAVI\MAVI_Trabajo_Final\MAVI_Trabajo_Final\Juego.cpp(127,111): warning C4244:             T=float
D:\Universidad - Cris\Videojuegos\Universidad del Litoral\MAVI\MAVI_Trabajo_Final\MAVI_Trabajo_Final\Juego.cpp(127,111): warning C4244:         ]
D:\Universidad - Cris\Videojuegos\Universidad del Litoral\MAVI\MAVI_Trabajo_Final\MAVI_Trabajo_Final\Juego.cpp(127,92): warning C4244: 'argumento': conversión de 'int' a 'T'; posible pérdida de datos
D:\Universidad - Cris\Videojuegos\Universidad del Litoral\MAVI\MAVI_Trabajo_Final\MAVI_Trabajo_Final\Juego.cpp(127,92): warning C4244:         with
D:\Universidad - Cris\Videojuegos\Universidad del Litoral\MAVI\MAVI_Trabajo_Final\MAVI_Trabajo_Final\Juego.cpp(127,92): warning C4244:         [
D:\Universidad - Cris\Videojuegos\Universidad del Litoral\MAVI\MAVI_Trabajo_Final\MAVI_Trabajo_Final\Juego.cpp(127,92): warning C4244:             T=float
D:\Universidad - Cris\Videojuegos\Universidad del Litoral\MAVI\MAVI_Trabajo_Final\MAVI_Trabajo_Final\Juego.cpp(127,92): warning C4244:         ]
  MAVI_Trabajo_Final.vcxproj -> D:\Universidad - Cris\Videojuegos\Universidad del Litoral\MAVI\MAVI_Trabajo_Final\MAVI_Trabajo_Final\x64\Debug\MAVI_Trabajo_Final.exe
